TN:
SF:lib\decisionSchema.js
FNF:0
FNH:0
DA:7,1
DA:9,1
DA:21,1
DA:23,1
DA:28,1
DA:35,1
DA:42,1
DA:47,1
DA:53,1
DA:60,1
LF:10
LH:10
BRF:0
BRH:0
end_of_record
TN:
SF:services\party\canonical.js
FN:44,foldDiacritics
FN:48,(anonymous_1)
FN:53,nameCanonical
FN:66,canonicalTokens
FN:78,isStrictSubset
FN:82,(anonymous_5)
FNF:6
FNH:6
FNDA:18,foldDiacritics
FNDA:4,(anonymous_1)
FNDA:21,nameCanonical
FNDA:6,canonicalTokens
FNDA:4,isStrictSubset
FNDA:3,(anonymous_5)
DA:22,1
DA:26,1
DA:36,1
DA:42,1
DA:45,18
DA:48,4
DA:54,21
DA:55,18
DA:56,18
DA:57,18
DA:58,18
DA:59,18
DA:60,18
DA:61,17
DA:67,6
DA:68,6
DA:69,5
DA:79,4
DA:80,3
DA:81,2
DA:82,3
DA:85,1
LF:22
LH:22
BRDA:54,0,0,3
BRDA:54,0,1,18
BRDA:60,1,0,1
BRDA:60,1,1,17
BRDA:68,2,0,1
BRDA:68,2,1,5
BRDA:78,3,0,4
BRDA:79,4,0,1
BRDA:79,4,1,3
BRDA:80,5,0,1
BRDA:80,5,1,2
BRF:11
BRH:11
end_of_record
TN:
SF:services\qa\completenessCheck.js
FN:13,checkCompleteness
FNF:1
FNH:0
FNDA:0,checkCompleteness
DA:14,0
DA:15,0
DA:17,0
DA:18,0
DA:21,0
DA:22,0
DA:25,0
DA:26,0
DA:29,0
DA:30,0
DA:33,0
DA:34,0
DA:39,0
DA:40,0
DA:41,0
DA:45,0
DA:52,0
LF:17
LH:0
BRDA:13,0,0,0
BRDA:17,1,0,0
BRDA:17,1,1,0
BRDA:21,2,0,0
BRDA:21,2,1,0
BRDA:21,3,0,0
BRDA:21,3,1,0
BRDA:25,4,0,0
BRDA:25,4,1,0
BRDA:29,5,0,0
BRDA:29,5,1,0
BRDA:29,6,0,0
BRDA:29,6,1,0
BRDA:33,7,0,0
BRDA:33,7,1,0
BRDA:33,8,0,0
BRDA:33,8,1,0
BRDA:39,9,0,0
BRDA:39,9,1,0
BRDA:40,10,0,0
BRDA:40,10,1,0
BRDA:40,11,0,0
BRDA:40,11,1,0
BRF:23
BRH:0
end_of_record
TN:
SF:services\qa\consistencyCheck.js
FN:12,isDissolutionRelated
FN:24,checkConsistency
FN:35,(anonymous_2)
FN:40,(anonymous_3)
FN:80,(anonymous_4)
FNF:5
FNH:0
FNDA:0,isDissolutionRelated
FNDA:0,checkConsistency
FNDA:0,(anonymous_2)
FNDA:0,(anonymous_3)
FNDA:0,(anonymous_4)
DA:8,0
DA:10,0
DA:13,0
DA:15,0
DA:16,0
DA:18,0
DA:19,0
DA:21,0
DA:25,0
DA:32,0
DA:33,0
DA:35,0
DA:38,0
DA:40,0
DA:43,0
DA:44,0
DA:45,0
DA:46,0
DA:47,0
DA:48,0
DA:49,0
DA:51,0
DA:52,0
DA:59,0
DA:60,0
DA:65,0
DA:66,0
DA:79,0
DA:80,0
DA:81,0
DA:82,0
DA:93,0
DA:94,0
DA:95,0
DA:96,0
DA:97,0
DA:98,0
DA:99,0
DA:110,0
DA:115,0
DA:116,0
DA:117,0
DA:118,0
DA:133,0
DA:139,0
LF:45
LH:0
BRDA:13,0,0,0
BRDA:13,0,1,0
BRDA:13,1,0,0
BRDA:13,1,1,0
BRDA:15,2,0,0
BRDA:15,2,1,0
BRDA:18,3,0,0
BRDA:18,3,1,0
BRDA:18,4,0,0
BRDA:18,4,1,0
BRDA:24,5,0,0
BRDA:32,6,0,0
BRDA:32,6,1,0
BRDA:35,7,0,0
BRDA:35,7,1,0
BRDA:44,8,0,0
BRDA:44,8,1,0
BRDA:45,9,0,0
BRDA:45,9,1,0
BRDA:46,10,0,0
BRDA:46,10,1,0
BRDA:47,11,0,0
BRDA:47,11,1,0
BRDA:47,12,0,0
BRDA:47,12,1,0
BRDA:48,13,0,0
BRDA:48,13,1,0
BRDA:48,14,0,0
BRDA:48,14,1,0
BRDA:51,15,0,0
BRDA:51,15,1,0
BRDA:59,16,0,0
BRDA:59,16,1,0
BRDA:60,17,0,0
BRDA:60,17,1,0
BRDA:65,18,0,0
BRDA:65,18,1,0
BRDA:65,19,0,0
BRDA:65,19,1,0
BRDA:68,20,0,0
BRDA:68,20,1,0
BRDA:79,21,0,0
BRDA:79,21,1,0
BRDA:81,22,0,0
BRDA:81,22,1,0
BRDA:81,23,0,0
BRDA:81,23,1,0
BRDA:84,24,0,0
BRDA:84,24,1,0
BRDA:95,25,0,0
BRDA:95,25,1,0
BRDA:95,26,0,0
BRDA:95,26,1,0
BRDA:98,27,0,0
BRDA:98,27,1,0
BRDA:110,28,0,0
BRDA:110,28,1,0
BRDA:111,29,0,0
BRDA:111,29,1,0
BRDA:111,29,2,0
BRDA:117,30,0,0
BRDA:117,30,1,0
BRF:62
BRH:0
end_of_record
TN:
SF:services\qa\index.js
FN:17,evaluateQa
FNF:1
FNH:0
FNDA:0,evaluateQa
DA:11,0
DA:12,0
DA:13,0
DA:14,0
DA:15,0
DA:18,0
DA:19,0
DA:20,0
DA:22,0
DA:23,0
DA:24,0
DA:31,0
DA:37,0
DA:49,0
LF:14
LH:0
BRDA:17,0,0,0
BRDA:18,1,0,0
BRDA:18,1,1,0
BRDA:22,2,0,0
BRDA:22,2,1,0
BRDA:23,3,0,0
BRDA:23,3,1,0
BRF:7
BRH:0
end_of_record
TN:
SF:services\qa\issueMap.js
FN:71,describe
FN:90,buildHighlightedIssues
FNF:2
FNH:0
FNDA:0,describe
FNDA:0,buildHighlightedIssues
DA:8,0
DA:72,0
DA:74,0
DA:75,0
DA:76,0
DA:77,0
DA:82,0
DA:91,0
DA:92,0
DA:93,0
DA:94,0
DA:96,0
DA:97,0
DA:98,0
DA:100,0
DA:101,0
DA:102,0
DA:110,0
DA:113,0
LF:19
LH:0
BRDA:72,0,0,0
BRDA:72,0,1,0
BRDA:74,1,0,0
BRDA:74,1,1,0
BRDA:76,2,0,0
BRDA:76,2,1,0
BRDA:82,3,0,0
BRDA:82,3,1,0
BRDA:90,4,0,0
BRDA:90,5,0,0
BRDA:90,6,0,0
BRDA:90,7,0,0
BRDA:105,8,0,0
BRDA:105,8,1,0
BRF:14
BRH:0
end_of_record
TN:
SF:services\qa\projectCase.js
FN:18,buildUboListFromParties
FN:19,(anonymous_1)
FN:43,buildUboListLegacy
FN:72,buildUboList
FN:79,projectCase
FN:87,(anonymous_5)
FNF:6
FNH:0
FNDA:0,buildUboListFromParties
FNDA:0,(anonymous_1)
FNDA:0,buildUboListLegacy
FNDA:0,buildUboList
FNDA:0,projectCase
FNDA:0,(anonymous_5)
DA:10,0
DA:19,0
DA:20,0
DA:21,0
DA:22,0
DA:23,0
DA:24,0
DA:25,0
DA:26,0
DA:27,0
DA:28,0
DA:29,0
DA:37,0
DA:44,0
DA:45,0
DA:47,0
DA:48,0
DA:49,0
DA:50,0
DA:51,0
DA:52,0
DA:53,0
DA:54,0
DA:55,0
DA:56,0
DA:59,0
DA:60,0
DA:61,0
DA:62,0
DA:63,0
DA:64,0
DA:65,0
DA:66,0
DA:69,0
DA:73,0
DA:74,0
DA:76,0
DA:80,0
DA:81,0
DA:87,0
DA:101,0
LF:41
LH:0
BRDA:19,0,0,0
BRDA:19,0,1,0
BRDA:22,1,0,0
BRDA:22,1,1,0
BRDA:23,2,0,0
BRDA:23,2,1,0
BRDA:24,3,0,0
BRDA:24,3,1,0
BRDA:24,4,0,0
BRDA:24,4,1,0
BRDA:25,5,0,0
BRDA:25,5,1,0
BRDA:25,6,0,0
BRDA:25,6,1,0
BRDA:27,7,0,0
BRDA:27,7,1,0
BRDA:33,8,0,0
BRDA:33,8,1,0
BRDA:47,9,0,0
BRDA:47,9,1,0
BRDA:49,10,0,0
BRDA:49,10,1,0
BRDA:50,11,0,0
BRDA:50,11,1,0
BRDA:50,12,0,0
BRDA:50,12,1,0
BRDA:52,13,0,0
BRDA:52,13,1,0
BRDA:54,14,0,0
BRDA:54,14,1,0
BRDA:55,15,0,0
BRDA:55,15,1,0
BRDA:55,16,0,0
BRDA:55,16,1,0
BRDA:59,17,0,0
BRDA:59,17,1,0
BRDA:61,18,0,0
BRDA:61,18,1,0
BRDA:63,19,0,0
BRDA:63,19,1,0
BRDA:65,20,0,0
BRDA:65,20,1,0
BRDA:73,21,0,0
BRDA:73,21,1,0
BRDA:73,22,0,0
BRDA:73,22,1,0
BRDA:79,23,0,0
BRDA:80,24,0,0
BRDA:80,24,1,0
BRDA:82,25,0,0
BRDA:82,25,1,0
BRDA:84,26,0,0
BRDA:84,26,1,0
BRDA:85,27,0,0
BRDA:85,27,1,0
BRDA:86,28,0,0
BRDA:86,28,1,0
BRDA:90,29,0,0
BRDA:90,29,1,0
BRDA:91,30,0,0
BRDA:91,30,1,0
BRDA:95,31,0,0
BRDA:95,31,1,0
BRDA:96,32,0,0
BRDA:96,32,1,0
BRF:65
BRH:0
end_of_record
TN:
SF:services\qa\routingEngine.js
FN:14,route
FNF:1
FNH:1
FNDA:6,route
DA:15,6
DA:17,6
DA:18,1
DA:24,5
DA:25,1
DA:31,4
DA:32,1
DA:38,3
DA:39,1
DA:47,2
DA:53,1
LF:11
LH:11
BRDA:14,0,0,6
BRDA:14,1,0,6
BRDA:15,2,0,5
BRDA:15,2,1,1
BRDA:17,3,0,1
BRDA:17,3,1,5
BRDA:24,4,0,1
BRDA:24,4,1,4
BRDA:31,5,0,1
BRDA:31,5,1,3
BRDA:38,6,0,1
BRDA:38,6,1,2
BRDA:49,7,0,2
BRDA:49,7,1,1
BRF:14
BRH:14
end_of_record
TN:
SF:services\risk\factors.js
FN:12,round2
FN:16,normName
FN:23,isCorporatePsc
FN:28,isCeasedPsc
FN:33,tierScore
FN:42,longestPrefixMatch
FN:57,computeGeographic
FN:94,computeEntityType
FN:126,computeStructuralComplexity
FN:131,(anonymous_9)
FN:132,(anonymous_10)
FN:137,(anonymous_11)
FN:163,(anonymous_12)
FN:170,computeIndustry
FNF:14
FNH:0
FNDA:0,round2
FNDA:0,normName
FNDA:0,isCorporatePsc
FNDA:0,isCeasedPsc
FNDA:0,tierScore
FNDA:0,longestPrefixMatch
FNDA:0,computeGeographic
FNDA:0,computeEntityType
FNDA:0,computeStructuralComplexity
FNDA:0,(anonymous_9)
FNDA:0,(anonymous_10)
FNDA:0,(anonymous_11)
FNDA:0,(anonymous_12)
FNDA:0,computeIndustry
DA:10,0
DA:13,0
DA:17,0
DA:24,0
DA:25,0
DA:29,0
DA:34,0
DA:35,0
DA:36,0
DA:37,0
DA:39,0
DA:43,0
DA:44,0
DA:45,0
DA:46,0
DA:48,0
DA:58,0
DA:59,0
DA:60,0
DA:61,0
DA:63,0
DA:64,0
DA:65,0
DA:70,0
DA:71,0
DA:74,0
DA:75,0
DA:76,0
DA:77,0
DA:79,0
DA:81,0
DA:82,0
DA:95,0
DA:96,0
DA:97,0
DA:98,0
DA:101,0
DA:102,0
DA:103,0
DA:104,0
DA:106,0
DA:108,0
DA:109,0
DA:127,0
DA:128,0
DA:130,0
DA:131,0
DA:132,0
DA:133,0
DA:135,0
DA:136,0
DA:137,0
DA:139,0
DA:141,0
DA:142,0
DA:143,0
DA:144,0
DA:145,0
DA:147,0
DA:163,0
DA:171,0
DA:172,0
DA:173,0
DA:175,0
DA:176,0
DA:177,0
DA:178,0
DA:179,0
DA:185,0
DA:186,0
DA:187,0
DA:189,0
DA:190,0
DA:192,0
DA:193,0
DA:204,0
LF:76
LH:0
BRDA:13,0,0,0
BRDA:13,0,1,0
BRDA:17,1,0,0
BRDA:17,1,1,0
BRDA:24,2,0,0
BRDA:24,2,1,0
BRDA:24,2,2,0
BRDA:25,3,0,0
BRDA:25,3,1,0
BRDA:25,3,2,0
BRDA:29,4,0,0
BRDA:29,4,1,0
BRDA:29,4,2,0
BRDA:34,5,0,0
BRDA:34,5,1,0
BRDA:34,6,0,0
BRDA:34,6,1,0
BRDA:36,7,0,0
BRDA:36,7,1,0
BRDA:36,8,0,0
BRDA:36,8,1,0
BRDA:37,9,0,0
BRDA:37,9,1,0
BRDA:44,10,0,0
BRDA:44,10,1,0
BRDA:45,11,0,0
BRDA:45,11,1,0
BRDA:45,12,0,0
BRDA:45,12,1,0
BRDA:46,13,0,0
BRDA:46,13,1,0
BRDA:46,14,0,0
BRDA:46,14,1,0
BRDA:46,14,2,0
BRDA:57,15,0,0
BRDA:58,16,0,0
BRDA:58,16,1,0
BRDA:58,16,2,0
BRDA:59,17,0,0
BRDA:59,17,1,0
BRDA:59,17,2,0
BRDA:60,18,0,0
BRDA:60,18,1,0
BRDA:60,18,2,0
BRDA:61,19,0,0
BRDA:61,19,1,0
BRDA:63,20,0,0
BRDA:63,20,1,0
BRDA:63,20,2,0
BRDA:63,20,3,0
BRDA:64,21,0,0
BRDA:64,21,1,0
BRDA:64,21,2,0
BRDA:65,22,0,0
BRDA:65,22,1,0
BRDA:67,23,0,0
BRDA:67,23,1,0
BRDA:70,24,0,0
BRDA:70,24,1,0
BRDA:70,25,0,0
BRDA:70,25,1,0
BRDA:71,26,0,0
BRDA:71,26,1,0
BRDA:71,26,2,0
BRDA:75,27,0,0
BRDA:75,27,1,0
BRDA:75,28,0,0
BRDA:75,28,1,0
BRDA:75,28,2,0
BRDA:84,29,0,0
BRDA:84,29,1,0
BRDA:95,30,0,0
BRDA:95,30,1,0
BRDA:95,30,2,0
BRDA:96,31,0,0
BRDA:96,31,1,0
BRDA:96,31,2,0
BRDA:97,32,0,0
BRDA:97,32,1,0
BRDA:97,32,2,0
BRDA:102,33,0,0
BRDA:102,33,1,0
BRDA:102,34,0,0
BRDA:102,34,1,0
BRDA:102,34,2,0
BRDA:111,35,0,0
BRDA:111,35,1,0
BRDA:127,36,0,0
BRDA:127,36,1,0
BRDA:127,36,2,0
BRDA:128,37,0,0
BRDA:128,37,1,0
BRDA:128,37,2,0
BRDA:130,38,0,0
BRDA:130,38,1,0
BRDA:130,38,2,0
BRDA:131,39,0,0
BRDA:131,39,1,0
BRDA:131,39,2,0
BRDA:131,39,3,0
BRDA:135,40,0,0
BRDA:135,40,1,0
BRDA:135,40,2,0
BRDA:137,41,0,0
BRDA:137,41,1,0
BRDA:137,41,2,0
BRDA:137,41,3,0
BRDA:141,42,0,0
BRDA:141,42,1,0
BRDA:141,42,2,0
BRDA:142,43,0,0
BRDA:142,43,1,0
BRDA:142,43,2,0
BRDA:143,44,0,0
BRDA:143,44,1,0
BRDA:149,45,0,0
BRDA:149,45,1,0
BRDA:171,46,0,0
BRDA:171,46,1,0
BRDA:171,46,2,0
BRDA:172,47,0,0
BRDA:172,47,1,0
BRDA:172,47,2,0
BRDA:173,48,0,0
BRDA:173,48,1,0
BRDA:178,49,0,0
BRDA:178,49,1,0
BRDA:178,50,0,0
BRDA:178,50,1,0
BRDA:178,50,2,0
BRDA:185,51,0,0
BRDA:185,51,1,0
BRDA:187,52,0,0
BRDA:187,52,1,0
BRDA:195,53,0,0
BRDA:195,53,1,0
BRF:136
BRH:0
end_of_record
TN:
SF:services\risk\index.js
FN:28,unwrapMatrix
FN:39,previousScoreOf
FN:44,assessRisk
FN:76,(anonymous_3)
FNF:4
FNH:0
FNDA:0,unwrapMatrix
FNDA:0,previousScoreOf
FNDA:0,assessRisk
FNDA:0,(anonymous_3)
DA:16,0
DA:23,0
DA:24,0
DA:25,0
DA:26,0
DA:29,0
DA:30,0
DA:36,0
DA:40,0
DA:41,0
DA:45,0
DA:46,0
DA:47,0
DA:56,0
DA:57,0
DA:58,0
DA:59,0
DA:60,0
DA:61,0
DA:63,0
DA:64,0
DA:65,0
DA:69,0
DA:70,0
DA:71,0
DA:72,0
DA:73,0
DA:76,0
DA:79,0
DA:82,0
DA:85,0
DA:86,0
DA:88,0
DA:91,0
DA:94,0
DA:120,0
DA:136,0
LF:37
LH:0
BRDA:29,0,0,0
BRDA:29,0,1,0
BRDA:29,1,0,0
BRDA:29,1,1,0
BRDA:29,1,2,0
BRDA:29,1,3,0
BRDA:32,2,0,0
BRDA:32,2,1,0
BRDA:33,3,0,0
BRDA:33,3,1,0
BRDA:36,4,0,0
BRDA:36,4,1,0
BRDA:40,5,0,0
BRDA:40,5,1,0
BRDA:41,6,0,0
BRDA:41,6,1,0
BRDA:41,7,0,0
BRDA:41,7,1,0
BRDA:44,8,0,0
BRDA:56,9,0,0
BRDA:56,9,1,0
BRDA:56,9,2,0
BRDA:57,10,0,0
BRDA:57,10,1,0
BRDA:57,10,2,0
BRDA:58,11,0,0
BRDA:58,11,1,0
BRDA:58,11,2,0
BRDA:60,12,0,0
BRDA:60,12,1,0
BRDA:61,13,0,0
BRDA:61,13,1,0
BRDA:64,14,0,0
BRDA:64,14,1,0
BRDA:86,15,0,0
BRDA:86,15,1,0
BRDA:88,16,0,0
BRDA:88,16,1,0
BRDA:88,17,0,0
BRDA:88,17,1,0
BRDA:88,17,2,0
BRDA:91,18,0,0
BRDA:91,18,1,0
BRDA:98,19,0,0
BRDA:98,19,1,0
BRDA:98,19,2,0
BRDA:100,20,0,0
BRDA:100,20,1,0
BRDA:100,20,2,0
BRDA:102,21,0,0
BRDA:102,21,1,0
BRDA:102,21,2,0
BRDA:103,22,0,0
BRDA:103,22,1,0
BRDA:103,22,2,0
BRF:55
BRH:0
end_of_record
TN:
SF:services\risk\knockouts.js
FN:14,maxTier
FN:20,(anonymous_1)
FN:21,(anonymous_2)
FN:22,(anonymous_3)
FN:31,applyKnockouts
FNF:5
FNH:5
FNDA:5,maxTier
FNDA:1,(anonymous_1)
FNDA:6,(anonymous_2)
FNDA:6,(anonymous_3)
FNDA:7,applyKnockouts
DA:11,1
DA:12,1
DA:15,5
DA:19,1
DA:20,1
DA:21,6
DA:22,6
DA:25,1
DA:32,7
DA:33,7
DA:34,7
DA:36,7
DA:37,7
DA:39,7
DA:40,2
DA:41,2
DA:43,7
DA:44,2
DA:45,2
DA:47,7
DA:48,1
DA:49,1
DA:50,1
DA:53,7
DA:56,1
LF:25
LH:25
BRDA:15,0,0,3
BRDA:15,0,1,2
BRDA:15,1,0,5
BRDA:15,1,1,0
BRDA:15,2,0,5
BRDA:15,2,1,0
BRDA:20,3,0,1
BRDA:20,3,1,1
BRDA:21,4,0,6
BRDA:21,4,1,5
BRDA:22,5,0,6
BRDA:22,5,1,5
BRDA:32,6,0,7
BRDA:32,6,1,6
BRDA:32,6,2,1
BRDA:33,7,0,7
BRDA:33,7,1,7
BRDA:33,7,2,0
BRDA:39,8,0,2
BRDA:39,8,1,5
BRDA:39,9,0,7
BRDA:39,9,1,6
BRDA:43,10,0,2
BRDA:43,10,1,5
BRDA:43,11,0,7
BRDA:43,11,1,6
BRDA:47,12,0,1
BRDA:47,12,1,6
BRDA:47,13,0,7
BRDA:47,13,1,1
BRDA:53,14,0,1
BRDA:53,14,1,6
BRF:32
BRH:29
end_of_record
TN:
SF:services\risk\matrix.js
FN:15,defaultMatrixBody
FN:20,validateMatrix
FN:26,(anonymous_2)
FN:37,(anonymous_3)
FN:173,assertValidMatrix
FN:182,invalidate
FN:186,loadActiveMatrix
FN:211,loadMatrixVersion
FN:216,listMatrixVersions
FN:221,createMatrixVersion
FN:227,setActiveMatrix
FNF:11
FNH:0
FNDA:0,defaultMatrixBody
FNDA:0,validateMatrix
FNDA:0,(anonymous_2)
FNDA:0,(anonymous_3)
FNDA:0,assertValidMatrix
FNDA:0,invalidate
FNDA:0,loadActiveMatrix
FNDA:0,loadMatrixVersion
FNDA:0,listMatrixVersions
FNDA:0,createMatrixVersion
FNDA:0,setActiveMatrix
DA:8,0
DA:10,0
DA:11,0
DA:13,0
DA:16,0
DA:21,0
DA:22,0
DA:23,0
DA:26,0
DA:29,0
DA:30,0
DA:31,0
DA:33,0
DA:34,0
DA:35,0
DA:37,0
DA:38,0
DA:42,0
DA:45,0
DA:46,0
DA:47,0
DA:49,0
DA:50,0
DA:51,0
DA:53,0
DA:54,0
DA:60,0
DA:61,0
DA:62,0
DA:64,0
DA:65,0
DA:66,0
DA:68,0
DA:69,0
DA:75,0
DA:76,0
DA:77,0
DA:79,0
DA:80,0
DA:81,0
DA:82,0
DA:83,0
DA:84,0
DA:86,0
DA:87,0
DA:88,0
DA:89,0
DA:90,0
DA:91,0
DA:92,0
DA:93,0
DA:94,0
DA:95,0
DA:96,0
DA:98,0
DA:101,0
DA:102,0
DA:103,0
DA:109,0
DA:110,0
DA:111,0
DA:113,0
DA:114,0
DA:115,0
DA:116,0
DA:118,0
DA:119,0
DA:120,0
DA:121,0
DA:127,0
DA:128,0
DA:129,0
DA:131,0
DA:132,0
DA:133,0
DA:134,0
DA:135,0
DA:136,0
DA:137,0
DA:138,0
DA:139,0
DA:141,0
DA:142,0
DA:143,0
DA:145,0
DA:146,0
DA:147,0
DA:152,0
DA:153,0
DA:154,0
DA:156,0
DA:157,0
DA:158,0
DA:163,0
DA:164,0
DA:165,0
DA:166,0
DA:167,0
DA:170,0
DA:174,0
DA:175,0
DA:176,0
DA:177,0
DA:178,0
DA:183,0
DA:187,0
DA:188,0
DA:189,0
DA:190,0
DA:191,0
DA:198,0
DA:202,0
DA:212,0
DA:213,0
DA:217,0
DA:218,0
DA:222,0
DA:223,0
DA:224,0
DA:228,0
DA:229,0
DA:230,0
DA:231,0
DA:234,0
LF:124
LH:0
BRDA:22,0,0,0
BRDA:22,0,1,0
BRDA:22,1,0,0
BRDA:22,1,1,0
BRDA:22,1,2,0
BRDA:26,2,0,0
BRDA:26,2,1,0
BRDA:26,2,2,0
BRDA:26,2,3,0
BRDA:30,3,0,0
BRDA:30,3,1,0
BRDA:30,4,0,0
BRDA:30,4,1,0
BRDA:30,4,2,0
BRDA:34,5,0,0
BRDA:34,5,1,0
BRDA:34,6,0,0
BRDA:34,6,1,0
BRDA:35,7,0,0
BRDA:35,7,1,0
BRDA:35,8,0,0
BRDA:35,8,1,0
BRDA:37,9,0,0
BRDA:37,9,1,0
BRDA:38,10,0,0
BRDA:38,10,1,0
BRDA:42,11,0,0
BRDA:42,11,1,0
BRDA:46,12,0,0
BRDA:46,12,1,0
BRDA:46,13,0,0
BRDA:46,13,1,0
BRDA:49,14,0,0
BRDA:49,14,1,0
BRDA:50,15,0,0
BRDA:50,15,1,0
BRDA:50,16,0,0
BRDA:50,16,1,0
BRDA:50,16,2,0
BRDA:54,17,0,0
BRDA:54,17,1,0
BRDA:61,18,0,0
BRDA:61,18,1,0
BRDA:61,19,0,0
BRDA:61,19,1,0
BRDA:64,20,0,0
BRDA:64,20,1,0
BRDA:65,21,0,0
BRDA:65,21,1,0
BRDA:65,22,0,0
BRDA:65,22,1,0
BRDA:65,22,2,0
BRDA:69,23,0,0
BRDA:69,23,1,0
BRDA:76,24,0,0
BRDA:76,24,1,0
BRDA:76,25,0,0
BRDA:76,25,1,0
BRDA:79,26,0,0
BRDA:79,26,1,0
BRDA:82,27,0,0
BRDA:82,27,1,0
BRDA:82,28,0,0
BRDA:82,28,1,0
BRDA:82,28,2,0
BRDA:88,29,0,0
BRDA:88,29,1,0
BRDA:89,30,0,0
BRDA:89,30,1,0
BRDA:90,31,0,0
BRDA:90,31,1,0
BRDA:91,32,0,0
BRDA:91,32,1,0
BRDA:92,33,0,0
BRDA:92,33,1,0
BRDA:93,34,0,0
BRDA:93,34,1,0
BRDA:93,35,0,0
BRDA:93,35,1,0
BRDA:95,36,0,0
BRDA:95,36,1,0
BRDA:101,37,0,0
BRDA:101,37,1,0
BRDA:102,38,0,0
BRDA:102,38,1,0
BRDA:102,39,0,0
BRDA:102,39,1,0
BRDA:110,40,0,0
BRDA:110,40,1,0
BRDA:110,41,0,0
BRDA:110,41,1,0
BRDA:113,42,0,0
BRDA:113,42,1,0
BRDA:114,43,0,0
BRDA:114,43,1,0
BRDA:115,44,0,0
BRDA:115,44,1,0
BRDA:119,45,0,0
BRDA:119,45,1,0
BRDA:120,46,0,0
BRDA:120,46,1,0
BRDA:120,47,0,0
BRDA:120,47,1,0
BRDA:121,48,0,0
BRDA:121,48,1,0
BRDA:128,49,0,0
BRDA:128,49,1,0
BRDA:128,50,0,0
BRDA:128,50,1,0
BRDA:134,51,0,0
BRDA:134,51,1,0
BRDA:135,52,0,0
BRDA:135,52,1,0
BRDA:135,53,0,0
BRDA:135,53,1,0
BRDA:136,54,0,0
BRDA:136,54,1,0
BRDA:136,55,0,0
BRDA:136,55,1,0
BRDA:136,55,2,0
BRDA:136,55,3,0
BRDA:141,56,0,0
BRDA:141,56,1,0
BRDA:142,57,0,0
BRDA:142,57,1,0
BRDA:145,58,0,0
BRDA:145,58,1,0
BRDA:146,59,0,0
BRDA:146,59,1,0
BRDA:147,60,0,0
BRDA:147,60,1,0
BRDA:153,61,0,0
BRDA:153,61,1,0
BRDA:153,62,0,0
BRDA:153,62,1,0
BRDA:153,62,2,0
BRDA:157,63,0,0
BRDA:157,63,1,0
BRDA:158,64,0,0
BRDA:158,64,1,0
BRDA:164,65,0,0
BRDA:164,65,1,0
BRDA:164,66,0,0
BRDA:164,66,1,0
BRDA:164,66,2,0
BRDA:166,67,0,0
BRDA:166,67,1,0
BRDA:166,68,0,0
BRDA:166,68,1,0
BRDA:166,68,2,0
BRDA:175,69,0,0
BRDA:175,69,1,0
BRDA:187,70,0,0
BRDA:187,70,1,0
BRDA:190,71,0,0
BRDA:190,71,1,0
BRDA:190,72,0,0
BRDA:190,72,1,0
BRDA:195,73,0,0
BRDA:195,73,1,0
BRDA:196,74,0,0
BRDA:196,74,1,0
BRDA:224,75,0,0
BRDA:224,75,1,0
BRF:164
BRH:0
end_of_record
TN:
SF:services\risk\normalize.js
FN:18,normKey
FN:25,isIso2
FN:31,normalizeCountry
FN:85,normalizeEntityType
FN:91,normalizeSicCodes
FN:95,(anonymous_5)
FN:96,(anonymous_6)
FNF:7
FNH:0
FNDA:0,normKey
FNDA:0,isIso2
FNDA:0,normalizeCountry
FNDA:0,normalizeEntityType
FNDA:0,normalizeSicCodes
FNDA:0,(anonymous_5)
FNDA:0,(anonymous_6)
DA:10,0
DA:11,0
DA:13,0
DA:14,0
DA:16,0
DA:19,0
DA:26,0
DA:32,0
DA:33,0
DA:35,0
DA:36,0
DA:39,0
DA:40,0
DA:41,0
DA:43,0
DA:45,0
DA:47,0
DA:48,0
DA:49,0
DA:50,0
DA:54,0
DA:55,0
DA:56,0
DA:57,0
DA:58,0
DA:59,0
DA:60,0
DA:61,0
DA:62,0
DA:66,0
DA:69,0
DA:75,0
DA:86,0
DA:87,0
DA:88,0
DA:92,0
DA:93,0
DA:94,0
DA:95,0
DA:96,0
DA:99,0
LF:41
LH:0
BRDA:19,0,0,0
BRDA:19,0,1,0
BRDA:26,1,0,0
BRDA:26,1,1,0
BRDA:33,2,0,0
BRDA:33,2,1,0
BRDA:36,3,0,0
BRDA:36,3,1,0
BRDA:47,4,0,0
BRDA:47,4,1,0
BRDA:49,5,0,0
BRDA:49,5,1,0
BRDA:49,6,0,0
BRDA:49,6,1,0
BRDA:59,7,0,0
BRDA:59,7,1,0
BRDA:59,8,0,0
BRDA:59,8,1,0
BRDA:61,9,0,0
BRDA:61,9,1,0
BRDA:87,10,0,0
BRDA:87,10,1,0
BRDA:88,11,0,0
BRDA:88,11,1,0
BRDA:92,12,0,0
BRDA:92,12,1,0
BRDA:93,13,0,0
BRDA:93,13,1,0
BRDA:95,14,0,0
BRDA:95,14,1,0
BRF:30
BRH:0
end_of_record
TN:
SF:services\risk\receipt.js
FN:7,buildReceipt
FN:28,(anonymous_1)
FNF:2
FNH:0
FNDA:0,buildReceipt
FNDA:0,(anonymous_1)
DA:23,0
DA:28,0
DA:52,0
LF:3
LH:0
BRDA:25,0,0,0
BRDA:25,0,1,0
BRDA:26,1,0,0
BRDA:26,1,1,0
BRDA:26,2,0,0
BRDA:26,2,1,0
BRDA:27,3,0,0
BRDA:27,3,1,0
BRDA:28,4,0,0
BRDA:28,4,1,0
BRDA:30,5,0,0
BRDA:30,5,1,0
BRDA:34,6,0,0
BRDA:34,6,1,0
BRDA:35,7,0,0
BRDA:35,7,1,0
BRDA:41,8,0,0
BRDA:41,8,1,0
BRDA:41,8,2,0
BRDA:43,9,0,0
BRDA:43,9,1,0
BRDA:43,10,0,0
BRDA:43,10,1,0
BRDA:44,11,0,0
BRDA:44,11,1,0
BRDA:44,12,0,0
BRDA:44,12,1,0
BRDA:45,13,0,0
BRDA:45,13,1,0
BRDA:48,14,0,0
BRDA:48,14,1,0
BRF:31
BRH:0
end_of_record
TN:
SF:services\risk\thresholds.js
FN:5,scoreToTier
FNF:1
FNH:1
FNDA:11,scoreToTier
DA:6,11
DA:7,11
DA:8,9
DA:9,11
DA:10,18
DA:12,1
DA:13,1
DA:14,0
DA:17,1
LF:9
LH:8
BRDA:6,0,0,11
BRDA:6,0,1,11
BRDA:6,0,2,1
BRDA:7,1,0,2
BRDA:7,1,1,9
BRDA:7,2,0,11
BRDA:7,2,1,11
BRDA:8,3,0,9
BRDA:8,3,1,1
BRDA:10,4,0,8
BRDA:10,4,1,10
BRDA:10,5,0,18
BRDA:10,5,1,18
BRDA:13,6,0,1
BRDA:13,6,1,0
BRF:15
BRH:14
end_of_record
TN:
SF:services\risk\data\country-lookup.json
FNF:0
FNH:0
DA:1,0
DA:2,0
DA:3,0
DA:4,0
DA:5,0
DA:6,0
DA:7,0
DA:8,0
DA:9,0
DA:10,0
DA:11,0
DA:12,0
DA:13,0
DA:14,0
DA:15,0
DA:16,0
DA:17,0
DA:18,0
DA:19,0
DA:20,0
DA:21,0
DA:22,0
DA:23,0
DA:24,0
DA:25,0
DA:26,0
DA:27,0
DA:28,0
DA:29,0
DA:30,0
DA:31,0
DA:32,0
DA:33,0
DA:34,0
DA:35,0
DA:36,0
DA:37,0
DA:38,0
DA:39,0
DA:40,0
DA:41,0
DA:42,0
DA:43,0
DA:44,0
DA:45,0
DA:46,0
DA:47,0
DA:48,0
DA:49,0
DA:50,0
DA:51,0
DA:52,0
DA:53,0
DA:54,0
DA:55,0
DA:56,0
DA:57,0
DA:58,0
DA:59,0
DA:60,0
DA:61,0
DA:62,0
DA:63,0
DA:64,0
DA:65,0
DA:66,0
DA:67,0
DA:68,0
DA:69,0
DA:70,0
DA:71,0
DA:72,0
DA:73,0
DA:74,0
DA:75,0
DA:76,0
DA:77,0
DA:78,0
DA:79,0
DA:80,0
DA:81,0
DA:82,0
DA:83,0
DA:84,0
DA:85,0
DA:86,0
DA:87,0
DA:88,0
DA:89,0
DA:90,0
DA:91,0
DA:92,0
DA:93,0
DA:94,0
DA:95,0
DA:96,0
DA:97,0
DA:98,0
DA:99,0
DA:100,0
DA:101,0
DA:102,0
DA:103,0
DA:104,0
DA:105,0
DA:106,0
DA:107,0
DA:108,0
DA:109,0
DA:110,0
DA:111,0
DA:112,0
DA:113,0
DA:114,0
DA:115,0
DA:116,0
DA:117,0
DA:118,0
DA:119,0
DA:120,0
DA:121,0
DA:122,0
DA:123,0
DA:124,0
DA:125,0
DA:126,0
DA:127,0
DA:128,0
DA:129,0
DA:130,0
DA:131,0
DA:132,0
DA:133,0
DA:134,0
DA:135,0
DA:136,0
DA:137,0
DA:138,0
DA:139,0
DA:140,0
DA:141,0
DA:142,0
DA:143,0
DA:144,0
DA:145,0
DA:146,0
DA:147,0
DA:148,0
DA:149,0
DA:150,0
DA:151,0
DA:152,0
DA:153,0
DA:154,0
DA:155,0
DA:156,0
DA:157,0
DA:158,0
DA:159,0
DA:160,0
DA:161,0
DA:162,0
DA:163,0
DA:164,0
DA:165,0
DA:166,0
DA:167,0
DA:168,0
DA:169,0
DA:170,0
DA:171,0
DA:172,0
DA:173,0
DA:174,0
DA:175,0
DA:176,0
DA:177,0
DA:178,0
DA:179,0
DA:180,0
DA:181,0
DA:182,0
DA:183,0
DA:184,0
DA:185,0
DA:186,0
DA:187,0
DA:188,0
DA:189,0
DA:190,0
DA:191,0
DA:192,0
DA:193,0
DA:194,0
DA:195,0
DA:196,0
DA:197,0
DA:198,0
DA:199,0
DA:200,0
DA:201,0
DA:202,0
DA:203,0
DA:204,0
DA:205,0
DA:206,0
DA:207,0
DA:208,0
DA:209,0
DA:210,0
DA:211,0
DA:212,0
DA:213,0
DA:214,0
DA:215,0
DA:216,0
DA:217,0
DA:218,0
DA:219,0
DA:220,0
DA:221,0
DA:222,0
DA:223,0
DA:224,0
DA:225,0
DA:226,0
DA:227,0
DA:228,0
DA:229,0
DA:230,0
DA:231,0
DA:232,0
DA:233,0
DA:234,0
DA:235,0
DA:236,0
DA:237,0
DA:238,0
DA:239,0
DA:240,0
DA:241,0
DA:242,0
DA:243,0
DA:244,0
DA:245,0
DA:246,0
DA:247,0
DA:248,0
DA:249,0
DA:250,0
DA:251,0
DA:252,0
DA:253,0
DA:254,0
DA:255,0
DA:256,0
DA:257,0
DA:258,0
DA:259,0
DA:260,0
DA:261,0
DA:262,0
DA:263,0
DA:264,0
DA:265,0
DA:266,0
DA:267,0
DA:268,0
DA:269,0
DA:270,0
DA:271,0
DA:272,0
DA:273,0
DA:274,0
DA:275,0
DA:276,0
DA:277,0
DA:278,0
DA:279,0
DA:280,0
DA:281,0
DA:282,0
DA:283,0
DA:284,0
DA:285,0
DA:286,0
DA:287,0
DA:288,0
DA:289,0
DA:290,0
DA:291,0
DA:292,0
DA:293,0
DA:294,0
DA:295,0
DA:296,0
DA:297,0
DA:298,0
DA:299,0
DA:300,0
DA:301,0
DA:302,0
DA:303,0
DA:304,0
DA:305,0
DA:306,0
DA:307,0
DA:308,0
DA:309,0
DA:310,0
DA:311,0
DA:312,0
DA:313,0
DA:314,0
DA:315,0
DA:316,0
DA:317,0
DA:318,0
DA:319,0
DA:320,0
DA:321,0
DA:322,0
DA:323,0
DA:324,0
DA:325,0
DA:326,0
DA:327,0
DA:328,0
DA:329,0
DA:330,0
DA:331,0
DA:332,0
DA:333,0
DA:334,0
DA:335,0
DA:336,0
DA:337,0
DA:338,0
DA:339,0
DA:340,0
DA:341,0
DA:342,0
DA:343,0
DA:344,0
DA:345,0
DA:346,0
DA:347,0
DA:348,0
DA:349,0
DA:350,0
DA:351,0
DA:352,0
DA:353,0
DA:354,0
DA:355,0
DA:356,0
DA:357,0
DA:358,0
DA:359,0
DA:360,0
DA:361,0
DA:362,0
DA:363,0
DA:364,0
DA:365,0
DA:366,0
DA:367,0
DA:368,0
DA:369,0
DA:370,0
DA:371,0
DA:372,0
DA:373,0
DA:374,0
DA:375,0
DA:376,0
DA:377,0
DA:378,0
DA:379,0
DA:380,0
DA:381,0
DA:382,0
DA:383,0
DA:384,0
DA:385,0
DA:386,0
DA:387,0
DA:388,0
DA:389,0
DA:390,0
DA:391,0
DA:392,0
DA:393,0
DA:394,0
DA:395,0
DA:396,0
DA:397,0
DA:398,0
DA:399,0
DA:400,0
DA:401,0
DA:402,0
DA:403,0
DA:404,0
DA:405,0
DA:406,0
DA:407,0
DA:408,0
DA:409,0
DA:410,0
DA:411,0
DA:412,0
DA:413,0
DA:414,0
DA:415,0
DA:416,0
DA:417,0
DA:418,0
DA:419,0
DA:420,0
DA:421,0
DA:422,0
DA:423,0
DA:424,0
DA:425,0
DA:426,0
DA:427,0
DA:428,0
DA:429,0
DA:430,0
DA:431,0
DA:432,0
DA:433,0
DA:434,0
DA:435,0
DA:436,0
DA:437,0
DA:438,0
DA:439,0
DA:440,0
DA:441,0
DA:442,0
DA:443,0
LF:443
LH:0
BRF:0
BRH:0
end_of_record
TN:
SF:services\risk\defaults\matrix.json
FNF:0
FNH:0
DA:1,0
DA:2,0
DA:3,0
DA:4,0
DA:5,0
DA:6,0
DA:7,0
LF:7
LH:0
BRF:0
BRH:0
end_of_record
TN:
SF:services\sanctions\index.js
FN:13,refresh
FN:43,search
FNF:2
FNH:0
FNDA:0,refresh
FNDA:0,search
DA:1,0
DA:2,0
DA:3,0
DA:4,0
DA:5,0
DA:7,0
DA:14,0
DA:15,0
DA:16,0
DA:17,0
DA:18,0
DA:19,0
DA:20,0
DA:21,0
DA:22,0
DA:24,0
DA:26,0
DA:27,0
DA:29,0
DA:30,0
DA:36,0
DA:38,0
DA:44,0
DA:45,0
DA:46,0
DA:47,0
DA:50,0
LF:27
LH:0
BRDA:14,0,0,0
BRDA:14,0,1,0
BRDA:18,1,0,0
BRDA:18,1,1,0
BRDA:21,2,0,0
BRDA:21,2,1,0
BRDA:21,3,0,0
BRDA:21,3,1,0
BRDA:21,3,2,0
BRDA:43,4,0,0
BRDA:43,5,0,0
BRDA:45,6,0,0
BRDA:45,6,1,0
BRF:13
BRH:0
end_of_record
TN:
SF:services\sanctions\matcher.js
FN:6,getDoubleMetaphone
FN:17,tokenSetRatio
FN:21,(anonymous_2)
FN:22,(anonymous_3)
FN:23,(anonymous_4)
FN:30,ratio
FN:37,phoneticBoost
FN:58,scoreEntry
FN:83,matchSubject
FN:94,(anonymous_9)
FNF:10
FNH:7
FNDA:2,getDoubleMetaphone
FNDA:5,tokenSetRatio
FNDA:8,(anonymous_2)
FNDA:8,(anonymous_3)
FNDA:9,(anonymous_4)
FNDA:14,ratio
FNDA:2,phoneticBoost
FNDA:0,scoreEntry
FNDA:0,matchSubject
FNDA:0,(anonymous_9)
DA:1,1
DA:2,1
DA:5,1
DA:7,2
DA:8,1
DA:9,1
DA:11,2
DA:18,5
DA:19,4
DA:20,4
DA:21,8
DA:22,8
DA:23,9
DA:24,4
DA:25,4
DA:26,4
DA:27,4
DA:31,14
DA:32,14
DA:33,14
DA:34,14
DA:38,2
DA:39,2
DA:40,2
DA:41,2
DA:43,2
DA:44,3
DA:45,3
DA:46,5
DA:47,5
DA:50,1
DA:59,0
DA:60,0
DA:61,0
DA:62,0
DA:65,0
DA:66,0
DA:67,0
DA:68,0
DA:69,0
DA:70,0
DA:71,0
DA:72,0
DA:73,0
DA:74,0
DA:75,0
DA:78,0
DA:84,0
DA:85,0
DA:86,0
DA:87,0
DA:88,0
DA:89,0
DA:90,0
DA:91,0
DA:94,0
DA:95,0
DA:98,1
LF:58
LH:32
BRDA:7,0,0,1
BRDA:7,0,1,1
BRDA:18,1,0,1
BRDA:18,1,1,4
BRDA:18,2,0,5
BRDA:18,2,1,4
BRDA:31,3,0,0
BRDA:31,3,1,14
BRDA:31,4,0,14
BRDA:31,4,1,2
BRDA:34,5,0,0
BRDA:34,5,1,14
BRDA:38,6,0,0
BRDA:38,6,1,2
BRDA:38,7,0,2
BRDA:38,7,1,2
BRDA:40,8,0,0
BRDA:40,8,1,2
BRDA:41,9,0,0
BRDA:41,9,1,2
BRDA:44,10,0,0
BRDA:44,10,1,3
BRDA:46,11,0,0
BRDA:46,11,1,5
BRDA:47,12,0,1
BRDA:47,12,1,4
BRDA:58,13,0,0
BRDA:60,14,0,0
BRDA:60,14,1,0
BRDA:62,15,0,0
BRDA:62,15,1,0
BRDA:62,16,0,0
BRDA:62,16,1,0
BRDA:69,17,0,0
BRDA:69,17,1,0
BRDA:71,18,0,0
BRDA:71,18,1,0
BRDA:73,19,0,0
BRDA:73,19,1,0
BRDA:84,20,0,0
BRDA:84,20,1,0
BRDA:90,21,0,0
BRDA:90,21,1,0
BRF:43
BRH:19
end_of_record
TN:
SF:services\sanctions\normalize.js
FN:12,foldDiacritics
FN:16,expandCorpAbbrev
FN:23,(anonymous_2)
FN:26,tokenize
FN:29,(anonymous_4)
FN:33,tokenSort
FN:37,normalizeName
FN:49,firstToken
FNF:8
FNH:6
FNDA:4,foldDiacritics
FNDA:0,expandCorpAbbrev
FNDA:10,(anonymous_2)
FNDA:4,tokenize
FNDA:10,(anonymous_4)
FNDA:0,tokenSort
FNDA:6,normalizeName
FNDA:2,firstToken
DA:4,0
DA:13,4
DA:19,17
DA:20,8
DA:21,20
DA:23,10
DA:27,4
DA:29,10
DA:34,0
DA:38,6
DA:39,4
DA:40,4
DA:41,4
DA:42,4
DA:43,0
DA:44,0
DA:45,0
DA:46,4
DA:50,2
DA:51,2
DA:52,2
DA:55,1
LF:22
LH:17
BRDA:23,0,0,10
BRDA:23,0,1,7
BRDA:38,1,0,2
BRDA:38,1,1,4
BRDA:50,2,0,0
BRDA:50,2,1,2
BRDA:52,3,0,1
BRDA:52,3,1,1
BRF:8
BRH:7
end_of_record
TN:
SF:services\sanctions\store.js
FN:6,insertListVersion
FN:19,upsertEntries
FN:27,(anonymous_2)
FN:75,listVersions
FN:87,countEntriesBySource
FN:98,getEntry
FN:115,searchByNormalizedName
FNF:7
FNH:0
FNDA:0,insertListVersion
FNDA:0,upsertEntries
FNDA:0,(anonymous_2)
FNDA:0,listVersions
FNDA:0,countEntriesBySource
FNDA:0,getEntry
FNDA:0,searchByNormalizedName
DA:1,0
DA:2,0
DA:3,0
DA:4,0
DA:7,0
DA:15,0
DA:20,0
DA:21,0
DA:22,0
DA:23,0
DA:25,0
DA:26,0
DA:27,0
DA:41,0
DA:64,0
DA:65,0
DA:66,0
DA:67,0
DA:72,0
DA:76,0
DA:88,0
DA:95,0
DA:99,0
DA:104,0
DA:116,0
DA:117,0
DA:118,0
DA:119,0
DA:120,0
DA:127,0
LF:30
LH:0
BRDA:23,0,0,0
BRDA:23,0,1,0
BRDA:32,1,0,0
BRDA:32,1,1,0
BRDA:33,2,0,0
BRDA:33,2,1,0
BRDA:34,3,0,0
BRDA:34,3,1,0
BRDA:35,4,0,0
BRDA:35,4,1,0
BRDA:36,5,0,0
BRDA:36,5,1,0
BRDA:37,6,0,0
BRDA:37,6,1,0
BRDA:38,7,0,0
BRDA:38,7,1,0
BRDA:66,8,0,0
BRDA:66,8,1,0
BRDA:104,9,0,0
BRDA:104,9,1,0
BRDA:115,10,0,0
BRDA:115,11,0,0
BRDA:117,12,0,0
BRDA:117,12,1,0
BRDA:119,13,0,0
BRDA:119,13,1,0
BRF:26
BRH:0
end_of_record
TN:
SF:services\sanctions\parsers\ofac_xml.js
FN:21,(anonymous_0)
FN:37,asArray
FN:42,textOf
FN:51,entryTypeOf
FN:59,pickFormattedName
FN:63,(anonymous_5)
FN:65,(anonymous_6)
FN:71,(anonymous_7)
FN:76,buildNames
FN:101,buildPrograms
FN:110,buildFeatureMap
FN:124,buildDob
FN:132,buildNationality
FN:156,buildIdentifiers
FN:167,iterEntries
FNF:15
FNH:0
FNDA:0,(anonymous_0)
FNDA:0,asArray
FNDA:0,textOf
FNDA:0,entryTypeOf
FNDA:0,pickFormattedName
FNDA:0,(anonymous_5)
FNDA:0,(anonymous_6)
FNDA:0,(anonymous_7)
FNDA:0,buildNames
FNDA:0,buildPrograms
FNDA:0,buildFeatureMap
FNDA:0,buildDob
FNDA:0,buildNationality
FNDA:0,buildIdentifiers
FNDA:0,iterEntries
DA:12,0
DA:13,0
DA:15,0
DA:22,0
DA:38,0
DA:39,0
DA:43,0
DA:44,0
DA:45,0
DA:46,0
DA:48,0
DA:52,0
DA:53,0
DA:54,0
DA:55,0
DA:56,0
DA:61,0
DA:62,0
DA:63,0
DA:65,0
DA:66,0
DA:67,0
DA:68,0
DA:70,0
DA:71,0
DA:73,0
DA:77,0
DA:78,0
DA:79,0
DA:80,0
DA:81,0
DA:82,0
DA:83,0
DA:84,0
DA:86,0
DA:93,0
DA:95,0
DA:96,0
DA:98,0
DA:102,0
DA:103,0
DA:104,0
DA:105,0
DA:107,0
DA:113,0
DA:114,0
DA:115,0
DA:116,0
DA:117,0
DA:118,0
DA:119,0
DA:121,0
DA:125,0
DA:126,0
DA:127,0
DA:128,0
DA:129,0
DA:133,0
DA:134,0
DA:135,0
DA:136,0
DA:139,0
DA:142,0
DA:157,0
DA:158,0
DA:159,0
DA:160,0
DA:161,0
DA:164,0
DA:168,0
DA:169,0
DA:170,0
DA:171,0
DA:172,0
DA:173,0
DA:174,0
DA:175,0
DA:176,0
DA:177,0
DA:192,0
LF:80
LH:0
BRDA:38,0,0,0
BRDA:38,0,1,0
BRDA:39,1,0,0
BRDA:39,1,1,0
BRDA:43,2,0,0
BRDA:43,2,1,0
BRDA:44,3,0,0
BRDA:44,3,1,0
BRDA:45,4,0,0
BRDA:45,4,1,0
BRDA:46,5,0,0
BRDA:46,5,1,0
BRDA:52,6,0,0
BRDA:52,6,1,0
BRDA:53,7,0,0
BRDA:53,7,1,0
BRDA:54,8,0,0
BRDA:54,8,1,0
BRDA:55,9,0,0
BRDA:55,9,1,0
BRDA:55,10,0,0
BRDA:55,10,1,0
BRDA:63,11,0,0
BRDA:63,11,1,0
BRDA:65,12,0,0
BRDA:65,12,1,0
BRDA:66,13,0,0
BRDA:66,13,1,0
BRDA:67,14,0,0
BRDA:67,14,1,0
BRDA:68,15,0,0
BRDA:68,15,1,0
BRDA:82,16,0,0
BRDA:82,16,1,0
BRDA:83,17,0,0
BRDA:83,17,1,0
BRDA:83,18,0,0
BRDA:83,18,1,0
BRDA:89,19,0,0
BRDA:89,19,1,0
BRDA:93,20,0,0
BRDA:93,20,1,0
BRDA:93,21,0,0
BRDA:93,21,1,0
BRDA:105,22,0,0
BRDA:105,22,1,0
BRDA:107,23,0,0
BRDA:107,23,1,0
BRDA:117,24,0,0
BRDA:117,24,1,0
BRDA:118,25,0,0
BRDA:118,25,1,0
BRDA:125,26,0,0
BRDA:125,26,1,0
BRDA:125,26,2,0
BRDA:126,27,0,0
BRDA:126,27,1,0
BRDA:128,28,0,0
BRDA:128,28,1,0
BRDA:129,29,0,0
BRDA:129,29,1,0
BRDA:135,30,0,0
BRDA:135,30,1,0
BRDA:136,31,0,0
BRDA:136,31,1,0
BRDA:139,32,0,0
BRDA:139,32,1,0
BRDA:159,33,0,0
BRDA:159,33,1,0
BRDA:161,34,0,0
BRDA:161,34,1,0
BRDA:164,35,0,0
BRDA:164,35,1,0
BRDA:169,36,0,0
BRDA:169,36,1,0
BRDA:169,36,2,0
BRDA:170,37,0,0
BRDA:170,37,1,0
BRDA:172,38,0,0
BRDA:172,38,1,0
BRDA:173,39,0,0
BRDA:173,39,1,0
BRDA:175,40,0,0
BRDA:175,40,1,0
BRF:84
BRH:0
end_of_record
TN:
SF:services\sanctions\parsers\uk_hmt_csv.js
FN:18,pickHeader
FN:19,(anonymous_1)
FN:27,buildHeaderMap
FN:49,buildName
FN:58,(anonymous_4)
FN:63,entryTypeOf
FN:70,isPrimary
FN:75,stripBanner
FN:89,parseCsv
FN:97,iterEntries
FN:117,(anonymous_10)
FNF:11
FNH:0
FNDA:0,pickHeader
FNDA:0,(anonymous_1)
FNDA:0,buildHeaderMap
FNDA:0,buildName
FNDA:0,(anonymous_4)
FNDA:0,entryTypeOf
FNDA:0,isPrimary
FNDA:0,stripBanner
FNDA:0,parseCsv
FNDA:0,iterEntries
FNDA:0,(anonymous_10)
DA:15,0
DA:16,0
DA:19,0
DA:20,0
DA:21,0
DA:22,0
DA:24,0
DA:28,0
DA:50,0
DA:58,0
DA:60,0
DA:64,0
DA:65,0
DA:66,0
DA:67,0
DA:71,0
DA:72,0
DA:79,0
DA:80,0
DA:81,0
DA:82,0
DA:83,0
DA:84,0
DA:86,0
DA:90,0
DA:94,0
DA:98,0
DA:99,0
DA:100,0
DA:101,0
DA:103,0
DA:104,0
DA:108,0
DA:109,0
DA:110,0
DA:111,0
DA:112,0
DA:113,0
DA:116,0
DA:117,0
DA:118,0
DA:119,0
DA:120,0
DA:122,0
DA:123,0
DA:124,0
DA:125,0
DA:126,0
DA:127,0
DA:134,0
DA:135,0
DA:136,0
DA:138,0
DA:139,0
DA:140,0
DA:141,0
DA:142,0
DA:145,0
DA:146,0
DA:147,0
DA:148,0
DA:151,0
DA:152,0
DA:154,0
DA:155,0
DA:157,0
DA:158,0
DA:162,0
DA:177,0
LF:69
LH:0
BRDA:19,0,0,0
BRDA:19,0,1,0
BRDA:22,1,0,0
BRDA:22,1,1,0
BRDA:58,2,0,0
BRDA:58,2,1,0
BRDA:64,3,0,0
BRDA:64,3,1,0
BRDA:65,4,0,0
BRDA:65,4,1,0
BRDA:66,5,0,0
BRDA:66,5,1,0
BRDA:71,6,0,0
BRDA:71,6,1,0
BRDA:80,7,0,0
BRDA:80,7,1,0
BRDA:83,8,0,0
BRDA:83,8,1,0
BRDA:83,9,0,0
BRDA:83,9,1,0
BRDA:94,10,0,0
BRDA:94,10,1,0
BRDA:99,11,0,0
BRDA:99,11,1,0
BRDA:103,12,0,0
BRDA:103,12,1,0
BRDA:110,13,0,0
BRDA:110,13,1,0
BRDA:111,14,0,0
BRDA:111,14,1,0
BRDA:112,15,0,0
BRDA:112,15,1,0
BRDA:118,16,0,0
BRDA:118,16,1,0
BRDA:120,17,0,0
BRDA:120,17,1,0
BRDA:124,18,0,0
BRDA:124,18,1,0
BRDA:126,19,0,0
BRDA:126,19,1,0
BRDA:130,20,0,0
BRDA:130,20,1,0
BRDA:139,21,0,0
BRDA:139,21,1,0
BRDA:139,22,0,0
BRDA:139,22,1,0
BRDA:142,23,0,0
BRDA:142,23,1,0
BRDA:145,24,0,0
BRDA:145,24,1,0
BRDA:145,25,0,0
BRDA:145,25,1,0
BRDA:148,26,0,0
BRDA:148,26,1,0
BRDA:151,27,0,0
BRDA:151,27,1,0
BRDA:151,28,0,0
BRDA:151,28,1,0
BRDA:154,29,0,0
BRDA:154,29,1,0
BRDA:154,30,0,0
BRDA:154,30,1,0
BRDA:157,31,0,0
BRDA:157,31,1,0
BRDA:157,32,0,0
BRDA:157,32,1,0
BRDA:157,32,2,0
BRDA:168,33,0,0
BRDA:168,33,1,0
BRDA:169,34,0,0
BRDA:169,34,1,0
BRDA:170,35,0,0
BRDA:170,35,1,0
BRDA:171,36,0,0
BRDA:171,36,1,0
BRF:75
BRH:0
end_of_record
TN:
SF:services\sanctions\sources\ofac.js
FN:11,download
FN:22,deriveVersion
FN:29,fetchEntries
FNF:3
FNH:0
FNDA:0,download
FNDA:0,deriveVersion
FNDA:0,fetchEntries
DA:3,0
DA:6,0
DA:9,0
DA:12,0
DA:15,0
DA:16,0
DA:18,0
DA:19,0
DA:24,0
DA:25,0
DA:26,0
DA:30,0
DA:31,0
DA:32,0
DA:33,0
DA:34,0
DA:38,0
LF:17
LH:0
BRDA:6,0,0,0
BRDA:6,0,1,0
BRDA:15,1,0,0
BRDA:15,1,1,0
BRDA:25,2,0,0
BRDA:25,2,1,0
BRDA:25,3,0,0
BRDA:25,3,1,0
BRF:8
BRH:0
end_of_record
TN:
SF:services\sanctions\sources\uk_hmt.js
FN:11,download
FN:22,fetchEntries
FNF:2
FNH:0
FNDA:0,download
FNDA:0,fetchEntries
DA:3,0
DA:6,0
DA:9,0
DA:12,0
DA:15,0
DA:16,0
DA:18,0
DA:19,0
DA:23,0
DA:25,0
DA:26,0
DA:27,0
DA:28,0
DA:32,0
LF:14
LH:0
BRDA:6,0,0,0
BRDA:6,0,1,0
BRDA:15,1,0,0
BRDA:15,1,1,0
BRF:4
BRH:0
end_of_record
TN:
SF:services\screening\report.js
FN:26,effectiveDecision
FN:32,emptyBuckets
FN:36,bumpBucket
FN:42,worstStatus
FN:49,buildScreeningReport
FN:50,(anonymous_5)
FNF:6
FNH:6
FNDA:9,effectiveDecision
FNDA:49,emptyBuckets
FNDA:12,bumpBucket
FNDA:14,worstStatus
FNDA:7,buildScreeningReport
FNDA:6,(anonymous_5)
DA:16,1
DA:17,1
DA:18,1
DA:24,1
DA:27,9
DA:28,8
DA:29,6
DA:33,49
DA:37,12
DA:38,4
DA:39,2
DA:43,14
DA:44,10
DA:45,9
DA:46,8
DA:50,7
DA:52,7
DA:60,7
DA:66,7
DA:67,7
DA:68,14
DA:82,7
DA:83,7
DA:84,7
DA:86,7
DA:87,6
DA:88,6
DA:89,6
DA:91,6
DA:92,6
DA:95,6
DA:96,6
DA:97,6
DA:98,6
DA:99,6
DA:100,6
DA:103,6
DA:104,4
DA:105,1
DA:106,3
DA:107,3
DA:108,3
DA:109,3
DA:110,3
DA:111,1
DA:114,2
DA:115,1
DA:118,6
DA:119,2
DA:120,1
DA:123,7
DA:124,6
DA:125,4
DA:127,7
DA:128,7
DA:129,14
DA:130,14
DA:131,14
DA:132,14
DA:135,7
DA:138,1
LF:61
LH:61
BRDA:27,0,0,1
BRDA:27,0,1,8
BRDA:28,1,0,2
BRDA:28,1,1,6
BRDA:37,2,0,8
BRDA:37,2,1,4
BRDA:38,3,0,2
BRDA:38,3,1,2
BRDA:39,4,0,2
BRDA:39,4,1,0
BRDA:43,5,0,4
BRDA:43,5,1,10
BRDA:44,6,0,1
BRDA:44,6,1,9
BRDA:45,7,0,1
BRDA:45,7,1,8
BRDA:49,8,0,7
BRDA:49,9,0,7
BRDA:49,10,0,7
BRDA:70,11,0,14
BRDA:70,11,1,14
BRDA:87,12,0,6
BRDA:87,12,1,0
BRDA:91,13,0,6
BRDA:91,13,1,0
BRDA:91,14,0,6
BRDA:91,14,1,6
BRDA:96,15,0,6
BRDA:96,15,1,0
BRDA:98,16,0,3
BRDA:98,16,1,3
BRDA:99,17,0,6
BRDA:99,17,1,0
BRDA:103,18,0,4
BRDA:103,18,1,2
BRDA:104,19,0,1
BRDA:104,19,1,3
BRDA:106,20,0,3
BRDA:106,20,1,0
BRDA:109,21,0,3
BRDA:109,21,1,0
BRDA:110,22,0,1
BRDA:110,22,1,2
BRDA:110,23,0,3
BRDA:110,23,1,2
BRDA:114,24,0,1
BRDA:114,24,1,1
BRDA:114,25,0,2
BRDA:114,25,1,1
BRDA:118,26,0,4
BRDA:118,26,1,2
BRDA:119,27,0,1
BRDA:119,27,1,1
BRDA:120,28,0,1
BRDA:120,28,1,0
BRDA:123,29,0,1
BRDA:123,29,1,6
BRDA:124,30,0,2
BRDA:124,30,1,4
BRDA:124,31,0,6
BRDA:124,31,1,5
BRF:61
BRH:53
end_of_record
