TN:
SF:lib\decisionSchema.js
FNF:0
FNH:0
DA:7,1
DA:9,1
DA:21,1
DA:23,1
DA:28,1
DA:35,1
DA:42,1
DA:47,1
DA:53,1
DA:60,1
LF:10
LH:10
BRF:0
BRH:0
end_of_record
TN:
SF:services\config\secrets.js
FN:16,loadKey
FN:30,isEncrypted
FN:34,encryptSecret
FN:43,decryptSecret
FNF:4
FNH:4
FNDA:8,loadKey
FNDA:4,isEncrypted
FNDA:6,encryptSecret
FNDA:3,decryptSecret
DA:11,1
DA:13,1
DA:14,1
DA:17,8
DA:18,8
DA:19,1
DA:24,7
DA:25,1
DA:27,6
DA:31,4
DA:35,6
DA:36,6
DA:37,6
DA:38,6
DA:39,6
DA:40,6
DA:44,3
DA:45,2
DA:46,2
DA:47,2
DA:48,2
DA:49,2
DA:50,2
DA:51,2
DA:54,1
LF:25
LH:25
BRDA:17,0,0,8
BRDA:17,0,1,1
BRDA:18,1,0,1
BRDA:18,1,1,7
BRDA:24,2,0,1
BRDA:24,2,1,6
BRDA:31,3,0,4
BRDA:31,3,1,4
BRDA:44,4,0,1
BRDA:44,4,1,2
BRDA:47,5,0,0
BRDA:47,5,1,2
BRDA:47,6,0,2
BRDA:47,6,1,2
BRDA:47,6,2,2
BRF:15
BRH:14
end_of_record
TN:
SF:services\party\canonical.js
FN:44,foldDiacritics
FN:48,(anonymous_1)
FN:53,nameCanonical
FN:66,canonicalTokens
FN:78,isStrictSubset
FN:82,(anonymous_5)
FNF:6
FNH:6
FNDA:18,foldDiacritics
FNDA:4,(anonymous_1)
FNDA:21,nameCanonical
FNDA:6,canonicalTokens
FNDA:4,isStrictSubset
FNDA:3,(anonymous_5)
DA:22,1
DA:26,1
DA:36,1
DA:42,1
DA:45,18
DA:48,4
DA:54,21
DA:55,18
DA:56,18
DA:57,18
DA:58,18
DA:59,18
DA:60,18
DA:61,17
DA:67,6
DA:68,6
DA:69,5
DA:79,4
DA:80,3
DA:81,2
DA:82,3
DA:85,1
LF:22
LH:22
BRDA:54,0,0,3
BRDA:54,0,1,18
BRDA:60,1,0,1
BRDA:60,1,1,17
BRDA:68,2,0,1
BRDA:68,2,1,5
BRDA:78,3,0,4
BRDA:79,4,0,1
BRDA:79,4,1,3
BRDA:80,5,0,1
BRDA:80,5,1,2
BRF:11
BRH:11
end_of_record
TN:
SF:services\qa\completenessCheck.js
FN:13,checkCompleteness
FN:19,(anonymous_1)
FNF:2
FNH:2
FNDA:2,checkCompleteness
FNDA:4,(anonymous_1)
DA:14,2
DA:15,2
DA:19,4
DA:21,2
DA:22,1
DA:25,0
DA:26,0
DA:29,0
DA:30,1
DA:33,2
DA:34,0
DA:37,2
DA:38,0
DA:43,2
DA:44,1
DA:45,1
DA:49,5
DA:56,1
LF:18
LH:13
BRDA:13,0,0,2
BRDA:21,1,0,1
BRDA:21,1,1,1
BRDA:25,2,0,0
BRDA:25,2,1,0
BRDA:25,3,0,0
BRDA:25,3,1,2
BRDA:29,4,0,1
BRDA:29,4,1,-1
BRDA:29,5,0,2
BRDA:29,5,1,2
BRDA:33,6,0,0
BRDA:33,6,1,2
BRDA:33,7,0,2
BRDA:33,7,1,0
BRDA:33,7,2,1
BRDA:37,8,0,0
BRDA:37,8,1,2
BRDA:37,9,0,2
BRDA:37,9,1,4
BRDA:37,9,2,1
BRDA:43,10,0,2
BRDA:43,10,1,0
BRDA:44,11,0,1
BRDA:44,11,1,0
BRDA:44,12,0,1
BRDA:44,12,1,1
BRF:27
BRH:18
end_of_record
TN:
SF:services\qa\consistencyCheck.js
FN:12,isDissolutionRelated
FN:24,checkConsistency
FN:38,(anonymous_2)
FN:43,(anonymous_3)
FN:85,(anonymous_4)
FNF:5
FNH:3
FNDA:0,isDissolutionRelated
FNDA:2,checkConsistency
FNDA:2,(anonymous_2)
FNDA:2,(anonymous_3)
FNDA:0,(anonymous_4)
DA:8,0
DA:10,0
DA:13,0
DA:15,0
DA:16,0
DA:18,0
DA:19,0
DA:21,0
DA:25,2
DA:27,2
DA:28,2
DA:35,2
DA:36,2
DA:38,2
DA:41,1
DA:43,2
DA:46,1
DA:47,1
DA:48,0
DA:49,0
DA:50,2
DA:51,1
DA:52,1
DA:54,0
DA:55,1
DA:62,2
DA:63,2
DA:70,0
DA:71,1
DA:84,0
DA:85,0
DA:86,0
DA:87,0
DA:98,2
DA:99,2
DA:100,2
DA:101,0
DA:102,0
DA:103,0
DA:104,1
DA:115,0
DA:120,0
DA:121,0
DA:122,0
DA:123,0
DA:138,4
DA:144,1
LF:47
LH:23
BRDA:13,0,0,0
BRDA:13,0,1,0
BRDA:13,1,0,0
BRDA:13,1,1,0
BRDA:15,2,0,0
BRDA:15,2,1,0
BRDA:18,3,0,0
BRDA:18,3,1,0
BRDA:18,4,0,0
BRDA:18,4,1,0
BRDA:24,5,0,2
BRDA:35,6,0,2
BRDA:35,6,1,1
BRDA:38,7,0,2
BRDA:38,7,1,1
BRDA:47,8,0,1
BRDA:47,8,1,3
BRDA:47,9,0,3
BRDA:47,9,1,0
BRDA:48,10,0,0
BRDA:48,10,1,0
BRDA:49,11,0,3
BRDA:49,11,1,3
BRDA:50,12,0,2
BRDA:50,12,1,-2
BRDA:50,13,0,0
BRDA:50,13,1,0
BRDA:51,14,0,0
BRDA:51,14,1,1
BRDA:51,15,0,1
BRDA:51,15,1,0
BRDA:54,16,0,1
BRDA:54,16,1,-1
BRDA:62,17,0,2
BRDA:62,17,1,1
BRDA:63,18,0,2
BRDA:63,18,1,0
BRDA:70,19,0,1
BRDA:70,19,1,-1
BRDA:70,20,0,0
BRDA:70,20,1,1
BRDA:70,20,2,1
BRDA:73,21,0,1
BRDA:73,21,1,0
BRDA:84,22,0,0
BRDA:84,22,1,0
BRDA:86,23,0,0
BRDA:86,23,1,0
BRDA:86,24,0,0
BRDA:86,24,1,0
BRDA:89,25,0,0
BRDA:89,25,1,0
BRDA:100,26,0,0
BRDA:100,26,1,2
BRDA:100,27,0,2
BRDA:100,27,1,0
BRDA:103,28,0,1
BRDA:103,28,1,-1
BRDA:115,29,0,0
BRDA:115,29,1,0
BRDA:116,30,0,0
BRDA:116,30,1,0
BRDA:116,30,2,3
BRDA:122,31,0,0
BRDA:122,31,1,0
BRF:65
BRH:25
end_of_record
TN:
SF:services\qa\index.js
FN:17,evaluateQa
FN:28,(anonymous_1)
FN:29,(anonymous_2)
FNF:3
FNH:3
FNDA:2,evaluateQa
FNDA:1,(anonymous_1)
FNDA:1,(anonymous_2)
DA:11,1
DA:12,1
DA:13,1
DA:14,1
DA:15,1
DA:18,2
DA:19,2
DA:20,2
DA:22,2
DA:23,2
DA:27,2
DA:28,1
DA:29,1
DA:30,2
DA:38,2
DA:44,2
DA:57,1
LF:17
LH:17
BRDA:17,0,0,2
BRDA:18,1,0,2
BRDA:18,1,1,0
BRDA:22,2,0,2
BRDA:22,2,1,2
BRDA:23,3,0,2
BRDA:23,3,1,0
BRDA:27,4,0,2
BRDA:27,4,1,1
BRDA:52,5,0,1
BRDA:52,5,1,1
BRF:11
BRH:9
end_of_record
TN:
SF:services\qa\issueMap.js
FN:71,describe
FN:90,buildHighlightedIssues
FNF:2
FNH:1
FNDA:0,describe
FNDA:2,buildHighlightedIssues
DA:8,1
DA:72,0
DA:74,0
DA:75,0
DA:76,0
DA:77,0
DA:82,0
DA:91,2
DA:92,2
DA:93,0
DA:94,0
DA:96,2
DA:97,0
DA:98,0
DA:100,2
DA:101,0
DA:102,0
DA:110,2
DA:113,1
LF:19
LH:7
BRDA:72,0,0,0
BRDA:72,0,1,0
BRDA:74,1,0,0
BRDA:74,1,1,0
BRDA:76,2,0,0
BRDA:76,2,1,0
BRDA:82,3,0,0
BRDA:82,3,1,0
BRDA:90,4,0,2
BRDA:90,5,0,2
BRDA:90,6,0,2
BRDA:90,7,0,2
BRDA:105,8,0,0
BRDA:105,8,1,0
BRF:14
BRH:4
end_of_record
TN:
SF:services\qa\projectCase.js
FN:18,buildUboListFromParties
FN:19,(anonymous_1)
FN:43,buildUboListLegacy
FN:72,buildUboList
FN:79,projectCase
FN:87,(anonymous_5)
FNF:6
FNH:4
FNDA:0,buildUboListFromParties
FNDA:1,(anonymous_1)
FNDA:0,buildUboListLegacy
FNDA:13,buildUboList
FNDA:10,projectCase
FNDA:1,(anonymous_5)
DA:10,1
DA:19,1
DA:20,0
DA:21,0
DA:22,0
DA:23,0
DA:24,0
DA:25,0
DA:26,0
DA:27,0
DA:28,0
DA:29,0
DA:37,1
DA:44,2
DA:45,2
DA:47,0
DA:48,2
DA:49,2
DA:50,2
DA:51,11
DA:52,0
DA:53,11
DA:54,11
DA:55,2
DA:56,2
DA:59,0
DA:60,0
DA:61,11
DA:62,11
DA:63,11
DA:64,0
DA:65,0
DA:66,0
DA:69,2
DA:73,13
DA:74,1
DA:76,12
DA:80,10
DA:81,10
DA:87,1
DA:104,1
LF:41
LH:24
BRDA:19,0,0,0
BRDA:19,0,1,0
BRDA:22,1,0,0
BRDA:22,1,1,0
BRDA:23,2,0,0
BRDA:23,2,1,0
BRDA:24,3,0,0
BRDA:24,3,1,0
BRDA:24,4,0,0
BRDA:24,4,1,0
BRDA:25,5,0,0
BRDA:25,5,1,0
BRDA:25,6,0,0
BRDA:25,6,1,0
BRDA:27,7,0,0
BRDA:27,7,1,0
BRDA:33,8,0,0
BRDA:33,8,1,1
BRDA:47,9,0,2
BRDA:47,9,1,0
BRDA:49,10,0,0
BRDA:49,10,1,2
BRDA:50,11,0,1
BRDA:50,11,1,1
BRDA:50,12,0,2
BRDA:50,12,1,11
BRDA:52,13,0,0
BRDA:52,13,1,0
BRDA:54,14,0,11
BRDA:54,14,1,0
BRDA:55,15,0,0
BRDA:55,15,1,11
BRDA:55,16,0,2
BRDA:55,16,1,11
BRDA:59,17,0,0
BRDA:59,17,1,0
BRDA:61,18,0,0
BRDA:61,18,1,11
BRDA:63,19,0,11
BRDA:63,19,1,0
BRDA:65,20,0,0
BRDA:65,20,1,0
BRDA:73,21,0,1
BRDA:73,21,1,12
BRDA:73,22,0,13
BRDA:73,22,1,1
BRDA:79,23,0,10
BRDA:80,24,0,0
BRDA:80,24,1,0
BRDA:82,25,0,10
BRDA:82,25,1,0
BRDA:84,26,0,0
BRDA:84,26,1,3
BRDA:85,27,0,0
BRDA:85,27,1,1
BRDA:86,28,0,0
BRDA:86,28,1,1
BRDA:90,29,0,1
BRDA:90,29,1,0
BRDA:91,30,0,1
BRDA:91,30,1,1
BRDA:95,31,0,10
BRDA:95,31,1,0
BRDA:96,32,0,10
BRDA:96,32,1,1
BRDA:100,33,0,10
BRDA:100,33,1,6
BRF:67
BRH:30
end_of_record
TN:
SF:services\qa\routingEngine.js
FN:19,route
FN:22,(anonymous_1)
FNF:2
FNH:2
FNDA:2,route
FNDA:18,(anonymous_1)
DA:17,2
DA:20,1
DA:22,18
DA:23,1
DA:24,2
DA:30,7
DA:31,1
DA:37,6
DA:38,2
DA:44,4
DA:45,1
DA:51,3
DA:52,1
DA:60,2
DA:66,1
LF:15
LH:15
BRDA:19,0,0,2
BRDA:19,1,0,1
BRDA:19,2,0,1
BRDA:20,3,0,8
BRDA:20,3,1,1
BRDA:23,4,0,2
BRDA:23,4,1,-1
BRDA:30,5,0,1
BRDA:30,5,1,6
BRDA:37,6,0,2
BRDA:37,6,1,4
BRDA:44,7,0,1
BRDA:44,7,1,3
BRDA:51,8,0,1
BRDA:51,8,1,2
BRDA:62,9,0,2
BRDA:62,9,1,1
BRF:17
BRH:16
end_of_record
TN:
SF:services\registry\merge.js
FN:11,isMissing
FN:21,mergeEnrichment
FN:37,composeRecord
FNF:3
FNH:3
FNDA:27,isMissing
FNDA:6,mergeEnrichment
FNDA:4,composeRecord
DA:12,27
DA:13,20
DA:14,19
DA:15,17
DA:22,6
DA:23,6
DA:24,6
DA:25,9
DA:26,9
DA:27,6
DA:28,6
DA:30,6
DA:38,4
DA:39,3
DA:40,3
DA:41,3
DA:42,3
DA:43,2
DA:45,3
DA:46,1
DA:49,1
LF:21
LH:21
BRDA:12,0,0,7
BRDA:12,0,1,20
BRDA:12,1,0,27
BRDA:12,1,1,24
BRDA:13,2,0,1
BRDA:13,2,1,19
BRDA:13,3,0,20
BRDA:13,3,1,8
BRDA:14,4,0,2
BRDA:14,4,1,17
BRDA:14,5,0,19
BRDA:14,5,1,6
BRDA:21,6,0,6
BRDA:22,7,0,6
BRDA:22,7,1,0
BRDA:24,8,0,6
BRDA:24,8,1,0
BRDA:25,9,0,0
BRDA:25,9,1,9
BRDA:26,10,0,3
BRDA:26,10,1,6
BRDA:37,11,0,4
BRDA:38,12,0,1
BRDA:38,12,1,3
BRDA:42,13,0,1
BRDA:42,13,1,2
BRDA:45,14,0,2
BRDA:45,14,1,1
BRF:28
BRH:25
end_of_record
TN:
SF:services\registry\providers\mock.js
FN:37,enrichProfile
FNF:1
FNH:1
FNDA:2,enrichProfile
DA:9,1
DA:27,1
DA:38,2
DA:39,2
LF:4
LH:4
BRDA:37,0,0,2
BRDA:38,1,0,2
BRDA:38,1,1,2
BRDA:39,2,0,2
BRDA:39,2,1,0
BRF:5
BRH:4
end_of_record
TN:
SF:services\risk\factors.js
FN:12,round2
FN:16,normName
FN:23,isCorporatePsc
FN:28,isCeasedPsc
FN:33,tierScore
FN:42,longestPrefixMatch
FN:57,computeGeographic
FN:94,computeEntityType
FN:126,computeStructuralComplexity
FN:131,(anonymous_9)
FN:132,(anonymous_10)
FN:137,(anonymous_11)
FN:163,(anonymous_12)
FN:170,computeIndustry
FNF:14
FNH:14
FNDA:12,round2
FNDA:3,normName
FNDA:2,isCorporatePsc
FNDA:3,isCeasedPsc
FNDA:8,tierScore
FNDA:6,longestPrefixMatch
FNDA:3,computeGeographic
FNDA:3,computeEntityType
FNDA:2,computeStructuralComplexity
FNDA:3,(anonymous_9)
FNDA:1,(anonymous_10)
FNDA:3,(anonymous_11)
FNDA:1,(anonymous_12)
FNDA:3,computeIndustry
DA:10,1
DA:13,12
DA:17,3
DA:24,2
DA:25,2
DA:29,3
DA:34,8
DA:35,7
DA:36,12
DA:37,11
DA:39,0
DA:43,6
DA:44,6
DA:45,12
DA:46,12
DA:48,6
DA:58,3
DA:59,3
DA:60,3
DA:61,3
DA:63,3
DA:64,3
DA:65,3
DA:70,3
DA:71,3
DA:74,3
DA:75,3
DA:76,2
DA:77,2
DA:79,1
DA:81,3
DA:82,3
DA:95,3
DA:96,3
DA:97,3
DA:98,3
DA:101,3
DA:102,3
DA:103,2
DA:104,2
DA:106,1
DA:108,3
DA:109,3
DA:127,2
DA:128,2
DA:130,2
DA:131,3
DA:132,2
DA:133,2
DA:135,2
DA:136,2
DA:137,3
DA:139,2
DA:141,2
DA:142,2
DA:143,2
DA:144,2
DA:145,2
DA:147,2
DA:163,1
DA:171,3
DA:172,3
DA:173,3
DA:175,3
DA:176,3
DA:177,3
DA:178,3
DA:179,1
DA:185,3
DA:186,1
DA:187,1
DA:189,2
DA:190,2
DA:192,3
DA:193,3
DA:204,1
LF:76
LH:75
BRDA:13,0,0,12
BRDA:13,0,1,1
BRDA:17,1,0,3
BRDA:17,1,1,0
BRDA:24,2,0,2
BRDA:24,2,1,2
BRDA:24,2,2,0
BRDA:25,3,0,2
BRDA:25,3,1,1
BRDA:25,3,2,1
BRDA:29,4,0,3
BRDA:29,4,1,3
BRDA:29,4,2,2
BRDA:34,5,0,1
BRDA:34,5,1,7
BRDA:34,6,0,8
BRDA:34,6,1,8
BRDA:36,7,0,1
BRDA:36,7,1,11
BRDA:36,8,0,12
BRDA:36,8,1,11
BRDA:37,9,0,6
BRDA:37,9,1,5
BRDA:44,10,0,6
BRDA:44,10,1,0
BRDA:45,11,0,0
BRDA:45,11,1,12
BRDA:45,12,0,12
BRDA:45,12,1,12
BRDA:46,13,0,5
BRDA:46,13,1,7
BRDA:46,14,0,12
BRDA:46,14,1,5
BRDA:46,14,2,2
BRDA:57,15,0,3
BRDA:58,16,0,3
BRDA:58,16,1,3
BRDA:58,16,2,0
BRDA:59,17,0,3
BRDA:59,17,1,3
BRDA:59,17,2,0
BRDA:60,18,0,3
BRDA:60,18,1,3
BRDA:60,18,2,1
BRDA:61,19,0,3
BRDA:61,19,1,1
BRDA:63,20,0,3
BRDA:63,20,1,1
BRDA:63,20,2,1
BRDA:63,20,3,2
BRDA:64,21,0,3
BRDA:64,21,1,1
BRDA:64,21,2,0
BRDA:65,22,0,2
BRDA:65,22,1,1
BRDA:67,23,0,1
BRDA:67,23,1,0
BRDA:70,24,0,2
BRDA:70,24,1,1
BRDA:70,25,0,3
BRDA:70,25,1,3
BRDA:71,26,0,3
BRDA:71,26,1,3
BRDA:71,26,2,0
BRDA:75,27,0,2
BRDA:75,27,1,1
BRDA:75,28,0,3
BRDA:75,28,1,2
BRDA:75,28,2,2
BRDA:84,29,0,3
BRDA:84,29,1,3
BRDA:95,30,0,3
BRDA:95,30,1,3
BRDA:95,30,2,0
BRDA:96,31,0,3
BRDA:96,31,1,3
BRDA:96,31,2,0
BRDA:97,32,0,3
BRDA:97,32,1,3
BRDA:97,32,2,0
BRDA:102,33,0,2
BRDA:102,33,1,1
BRDA:102,34,0,3
BRDA:102,34,1,3
BRDA:102,34,2,3
BRDA:111,35,0,3
BRDA:111,35,1,3
BRDA:127,36,0,2
BRDA:127,36,1,2
BRDA:127,36,2,0
BRDA:128,37,0,2
BRDA:128,37,1,2
BRDA:128,37,2,0
BRDA:130,38,0,2
BRDA:130,38,1,2
BRDA:130,38,2,0
BRDA:131,39,0,3
BRDA:131,39,1,3
BRDA:131,39,2,3
BRDA:131,39,3,2
BRDA:135,40,0,2
BRDA:135,40,1,2
BRDA:135,40,2,0
BRDA:137,41,0,3
BRDA:137,41,1,3
BRDA:137,41,2,3
BRDA:137,41,3,2
BRDA:141,42,0,2
BRDA:141,42,1,2
BRDA:141,42,2,0
BRDA:142,43,0,2
BRDA:142,43,1,2
BRDA:142,43,2,0
BRDA:143,44,0,2
BRDA:143,44,1,0
BRDA:149,45,0,2
BRDA:149,45,1,2
BRDA:171,46,0,3
BRDA:171,46,1,3
BRDA:171,46,2,0
BRDA:172,47,0,3
BRDA:172,47,1,3
BRDA:172,47,2,0
BRDA:173,48,0,3
BRDA:173,48,1,0
BRDA:178,49,0,1
BRDA:178,49,1,2
BRDA:178,50,0,3
BRDA:178,50,1,1
BRDA:178,50,2,0
BRDA:185,51,0,1
BRDA:185,51,1,2
BRDA:187,52,0,1
BRDA:187,52,1,1
BRDA:195,53,0,3
BRDA:195,53,1,3
BRF:136
BRH:113
end_of_record
TN:
SF:services\risk\knockouts.js
FN:14,maxTier
FN:20,(anonymous_1)
FN:21,(anonymous_2)
FN:22,(anonymous_3)
FN:31,applyKnockouts
FNF:5
FNH:5
FNDA:5,maxTier
FNDA:1,(anonymous_1)
FNDA:6,(anonymous_2)
FNDA:6,(anonymous_3)
FNDA:7,applyKnockouts
DA:11,1
DA:12,1
DA:15,5
DA:19,1
DA:20,1
DA:21,6
DA:22,6
DA:25,1
DA:32,7
DA:33,7
DA:34,7
DA:36,7
DA:37,7
DA:39,7
DA:40,2
DA:41,2
DA:43,7
DA:44,2
DA:45,2
DA:47,7
DA:48,1
DA:49,1
DA:50,1
DA:53,7
DA:56,1
LF:25
LH:25
BRDA:15,0,0,3
BRDA:15,0,1,2
BRDA:15,1,0,5
BRDA:15,1,1,0
BRDA:15,2,0,5
BRDA:15,2,1,0
BRDA:20,3,0,1
BRDA:20,3,1,1
BRDA:21,4,0,6
BRDA:21,4,1,5
BRDA:22,5,0,6
BRDA:22,5,1,5
BRDA:32,6,0,7
BRDA:32,6,1,6
BRDA:32,6,2,1
BRDA:33,7,0,7
BRDA:33,7,1,7
BRDA:33,7,2,0
BRDA:39,8,0,2
BRDA:39,8,1,5
BRDA:39,9,0,7
BRDA:39,9,1,6
BRDA:43,10,0,2
BRDA:43,10,1,5
BRDA:43,11,0,7
BRDA:43,11,1,6
BRDA:47,12,0,1
BRDA:47,12,1,6
BRDA:47,13,0,7
BRDA:47,13,1,1
BRDA:53,14,0,1
BRDA:53,14,1,6
BRF:32
BRH:29
end_of_record
TN:
SF:services\risk\thresholds.js
FN:5,scoreToTier
FNF:1
FNH:1
FNDA:11,scoreToTier
DA:6,11
DA:7,11
DA:8,9
DA:9,11
DA:10,18
DA:12,1
DA:13,1
DA:14,0
DA:17,1
LF:9
LH:8
BRDA:6,0,0,11
BRDA:6,0,1,11
BRDA:6,0,2,1
BRDA:7,1,0,2
BRDA:7,1,1,9
BRDA:7,2,0,11
BRDA:7,2,1,11
BRDA:8,3,0,9
BRDA:8,3,1,1
BRDA:10,4,0,8
BRDA:10,4,1,10
BRDA:10,5,0,18
BRDA:10,5,1,18
BRDA:13,6,0,1
BRDA:13,6,1,0
BRF:15
BRH:14
end_of_record
TN:
SF:services\sanctions\matcher.js
FN:6,getDoubleMetaphone
FN:17,tokenSetRatio
FN:21,(anonymous_2)
FN:22,(anonymous_3)
FN:23,(anonymous_4)
FN:30,ratio
FN:37,phoneticBoost
FN:58,scoreEntry
FN:83,matchSubject
FN:94,(anonymous_9)
FNF:10
FNH:7
FNDA:2,getDoubleMetaphone
FNDA:5,tokenSetRatio
FNDA:8,(anonymous_2)
FNDA:8,(anonymous_3)
FNDA:9,(anonymous_4)
FNDA:14,ratio
FNDA:2,phoneticBoost
FNDA:0,scoreEntry
FNDA:0,matchSubject
FNDA:0,(anonymous_9)
DA:1,1
DA:2,1
DA:5,1
DA:7,2
DA:8,1
DA:9,1
DA:11,2
DA:18,5
DA:19,4
DA:20,4
DA:21,8
DA:22,8
DA:23,9
DA:24,4
DA:25,4
DA:26,4
DA:27,4
DA:31,14
DA:32,14
DA:33,14
DA:34,14
DA:38,2
DA:39,2
DA:40,2
DA:41,2
DA:43,2
DA:44,3
DA:45,3
DA:46,5
DA:47,5
DA:50,1
DA:59,0
DA:60,0
DA:61,0
DA:62,0
DA:65,0
DA:66,0
DA:67,0
DA:68,0
DA:69,0
DA:70,0
DA:71,0
DA:72,0
DA:73,0
DA:74,0
DA:75,0
DA:78,0
DA:84,0
DA:85,0
DA:86,0
DA:87,0
DA:88,0
DA:89,0
DA:90,0
DA:91,0
DA:94,0
DA:95,0
DA:98,1
LF:58
LH:32
BRDA:7,0,0,1
BRDA:7,0,1,1
BRDA:18,1,0,1
BRDA:18,1,1,4
BRDA:18,2,0,5
BRDA:18,2,1,4
BRDA:31,3,0,0
BRDA:31,3,1,14
BRDA:31,4,0,14
BRDA:31,4,1,2
BRDA:34,5,0,0
BRDA:34,5,1,14
BRDA:38,6,0,0
BRDA:38,6,1,2
BRDA:38,7,0,2
BRDA:38,7,1,2
BRDA:40,8,0,0
BRDA:40,8,1,2
BRDA:41,9,0,0
BRDA:41,9,1,2
BRDA:44,10,0,0
BRDA:44,10,1,3
BRDA:46,11,0,0
BRDA:46,11,1,5
BRDA:47,12,0,1
BRDA:47,12,1,4
BRDA:58,13,0,0
BRDA:60,14,0,0
BRDA:60,14,1,0
BRDA:62,15,0,0
BRDA:62,15,1,0
BRDA:62,16,0,0
BRDA:62,16,1,0
BRDA:69,17,0,0
BRDA:69,17,1,0
BRDA:71,18,0,0
BRDA:71,18,1,0
BRDA:73,19,0,0
BRDA:73,19,1,0
BRDA:84,20,0,0
BRDA:84,20,1,0
BRDA:90,21,0,0
BRDA:90,21,1,0
BRF:43
BRH:19
end_of_record
TN:
SF:services\sanctions\normalize.js
FN:12,foldDiacritics
FN:16,expandCorpAbbrev
FN:23,(anonymous_2)
FN:26,tokenize
FN:29,(anonymous_4)
FN:33,tokenSort
FN:37,normalizeName
FN:49,firstToken
FNF:8
FNH:6
FNDA:4,foldDiacritics
FNDA:30,expandCorpAbbrev
FNDA:10,(anonymous_2)
FNDA:0,tokenize
FNDA:10,(anonymous_4)
FNDA:0,tokenSort
FNDA:6,normalizeName
FNDA:2,firstToken
DA:4,30
DA:13,4
DA:19,77
DA:20,38
DA:21,20
DA:23,10
DA:27,4
DA:29,10
DA:34,0
DA:38,6
DA:39,4
DA:40,4
DA:41,4
DA:42,4
DA:43,0
DA:44,0
DA:45,0
DA:46,4
DA:50,2
DA:51,2
DA:52,2
DA:55,1
LF:22
LH:18
BRDA:23,0,0,10
BRDA:23,0,1,7
BRDA:38,1,0,2
BRDA:38,1,1,4
BRDA:50,2,0,0
BRDA:50,2,1,2
BRDA:52,3,0,1
BRDA:52,3,1,1
BRF:8
BRH:7
end_of_record
TN:
SF:services\screening\report.js
FN:26,effectiveDecision
FN:32,emptyBuckets
FN:36,bumpBucket
FN:42,worstStatus
FN:49,buildScreeningReport
FN:50,(anonymous_5)
FNF:6
FNH:6
FNDA:9,effectiveDecision
FNDA:49,emptyBuckets
FNDA:12,bumpBucket
FNDA:14,worstStatus
FNDA:7,buildScreeningReport
FNDA:6,(anonymous_5)
DA:16,1
DA:17,1
DA:18,1
DA:24,1
DA:27,9
DA:28,8
DA:29,6
DA:33,49
DA:37,12
DA:38,4
DA:39,2
DA:43,14
DA:44,10
DA:45,9
DA:46,8
DA:50,7
DA:52,7
DA:60,7
DA:66,7
DA:67,7
DA:68,14
DA:82,7
DA:83,7
DA:84,7
DA:86,7
DA:87,6
DA:88,6
DA:89,6
DA:91,6
DA:92,6
DA:95,6
DA:96,6
DA:97,6
DA:98,6
DA:99,6
DA:100,6
DA:103,6
DA:104,4
DA:105,1
DA:106,3
DA:107,3
DA:108,3
DA:109,3
DA:110,3
DA:111,1
DA:114,2
DA:115,1
DA:118,6
DA:119,2
DA:120,1
DA:123,7
DA:124,6
DA:125,4
DA:127,7
DA:128,7
DA:129,14
DA:130,14
DA:131,14
DA:132,14
DA:135,7
DA:138,1
LF:61
LH:61
BRDA:27,0,0,1
BRDA:27,0,1,8
BRDA:28,1,0,2
BRDA:28,1,1,6
BRDA:37,2,0,8
BRDA:37,2,1,4
BRDA:38,3,0,2
BRDA:38,3,1,2
BRDA:39,4,0,2
BRDA:39,4,1,0
BRDA:43,5,0,4
BRDA:43,5,1,10
BRDA:44,6,0,1
BRDA:44,6,1,9
BRDA:45,7,0,1
BRDA:45,7,1,8
BRDA:49,8,0,7
BRDA:49,9,0,7
BRDA:49,10,0,7
BRDA:70,11,0,14
BRDA:70,11,1,14
BRDA:87,12,0,6
BRDA:87,12,1,0
BRDA:91,13,0,6
BRDA:91,13,1,0
BRDA:91,14,0,6
BRDA:91,14,1,6
BRDA:96,15,0,6
BRDA:96,15,1,0
BRDA:98,16,0,3
BRDA:98,16,1,3
BRDA:99,17,0,6
BRDA:99,17,1,0
BRDA:103,18,0,4
BRDA:103,18,1,2
BRDA:104,19,0,1
BRDA:104,19,1,3
BRDA:106,20,0,3
BRDA:106,20,1,0
BRDA:109,21,0,3
BRDA:109,21,1,0
BRDA:110,22,0,1
BRDA:110,22,1,2
BRDA:110,23,0,3
BRDA:110,23,1,2
BRDA:114,24,0,1
BRDA:114,24,1,1
BRDA:114,25,0,2
BRDA:114,25,1,1
BRDA:118,26,0,4
BRDA:118,26,1,2
BRDA:119,27,0,1
BRDA:119,27,1,1
BRDA:120,28,0,1
BRDA:120,28,1,0
BRDA:123,29,0,1
BRDA:123,29,1,6
BRDA:124,30,0,2
BRDA:124,30,1,4
BRDA:124,31,0,6
BRDA:124,31,1,5
BRF:61
BRH:53
end_of_record
